Using pre-set license
Built from '2020.3/staging' branch; Version is '2020.3.30f1 (1fb1bf06830e) revision 2077119'; Using compiler version '192528614'; Build Type 'Release'
OS: 'Windows 10  (10.0.19041) 64bit Professional' Language: 'ko' Physical Memory: 16136 MB
BatchMode: 1, IsHumanControllingUs: 0, StartBugReporterOnCrash: 0, Is64bit: 1, IsPro: 0

COMMAND LINE ARGUMENTS:
C:\Program Files\Unity\Hub\Editor\2020.3.30f1\Editor\Unity.exe
-adb2
-batchMode
-noUpm
-name
AssetImportWorker0
-projectPath
C:/Users/U505-06/Desktop/GameProject_01/GameProject
-logFile
Logs/AssetImportWorker0.log
-srvPort
51513
Successfully changed project path to: C:/Users/U505-06/Desktop/GameProject_01/GameProject
C:/Users/U505-06/Desktop/GameProject_01/GameProject
Using Asset Import Pipeline V2.
Refreshing native plugins compatible for Editor in 97.70 ms, found 2 plugins.
Preloading 0 native plugins for Editor in 0.00 ms.
Initialize engine version: 2020.3.30f1 (1fb1bf06830e)
[Subsystems] Discovering subsystems at path C:/Program Files/Unity/Hub/Editor/2020.3.30f1/Editor/Data/Resources/UnitySubsystems
[Subsystems] Discovering subsystems at path C:/Users/U505-06/Desktop/GameProject_01/GameProject/Assets
GfxDevice: creating device client; threaded=0
Direct3D:
    Version:  Direct3D 11.0 [level 11.0]
    Renderer: NVIDIA Quadro K600 (ID=0xffa)
    Vendor:   
    VRAM:     985 MB
    Driver:   30.0.14.7168
Initialize mono
Mono path[0] = 'C:/Program Files/Unity/Hub/Editor/2020.3.30f1/Editor/Data/Managed'
Mono path[1] = 'C:/Program Files/Unity/Hub/Editor/2020.3.30f1/Editor/Data/MonoBleedingEdge/lib/mono/unityjit'
Mono config path = 'C:/Program Files/Unity/Hub/Editor/2020.3.30f1/Editor/Data/MonoBleedingEdge/etc'
Using monoOptions --debugger-agent=transport=dt_socket,embedding=1,server=y,suspend=n,address=127.0.0.1:56744
Begin MonoManager ReloadAssembly
Registering precompiled unity dll's ...
Register platform support module: C:/Program Files/Unity/Hub/Editor/2020.3.30f1/Editor/Data/PlaybackEngines/MacStandaloneSupport/UnityEditor.OSXStandalone.Extensions.dll
Register platform support module: C:/Program Files/Unity/Hub/Editor/2020.3.30f1/Editor/Data/PlaybackEngines/WindowsStandaloneSupport/UnityEditor.WindowsStandalone.Extensions.dll
Registered in 0.002477 seconds.
Native extension for WindowsStandalone target not found
Native extension for OSXStandalone target not found
Refreshing native plugins compatible for Editor in 37.05 ms, found 2 plugins.
Preloading 0 native plugins for Editor in 0.00 ms.
Mono: successfully reloaded assembly
- Completed reload, in  0.679 seconds
Domain Reload Profiling:
	ReloadAssembly (680ms)
		BeginReloadAssembly (75ms)
			ExecutionOrderSort (0ms)
			DisableScriptedObjects (0ms)
			BackupInstance (0ms)
			ReleaseScriptingObjects (0ms)
			CreateAndSetChildDomain (1ms)
		EndReloadAssembly (516ms)
			LoadAssemblies (74ms)
			RebuildTransferFunctionScriptingTraits (0ms)
			SetupTypeCache (181ms)
			ReleaseScriptCaches (0ms)
			RebuildScriptCaches (35ms)
			SetupLoadedEditorAssemblies (182ms)
				LogAssemblyErrors (0ms)
				InitializePlatformSupportModulesInManaged (6ms)
				SetLoadedEditorAssemblies (0ms)
				RefreshPlugins (37ms)
				BeforeProcessingInitializeOnLoad (10ms)
				ProcessInitializeOnLoadAttributes (95ms)
				ProcessInitializeOnLoadMethodAttributes (33ms)
				AfterProcessingInitializeOnLoad (0ms)
				EditorAssembliesLoaded (0ms)
			ExecutionOrderSort2 (0ms)
			AwakeInstancesAfterBackupRestoration (0ms)
Platform modules already initialized, skipping
Registering precompiled user dll's ...
Registered in 0.003384 seconds.
Begin MonoManager ReloadAssembly
Native extension for WindowsStandalone target not found
Native extension for OSXStandalone target not found
Refreshing native plugins compatible for Editor in 0.42 ms, found 2 plugins.
Preloading 0 native plugins for Editor in 0.00 ms.
Mono: successfully reloaded assembly
- Completed reload, in  1.175 seconds
Domain Reload Profiling:
	ReloadAssembly (1176ms)
		BeginReloadAssembly (187ms)
			ExecutionOrderSort (0ms)
			DisableScriptedObjects (6ms)
			BackupInstance (0ms)
			ReleaseScriptingObjects (0ms)
			CreateAndSetChildDomain (24ms)
		EndReloadAssembly (917ms)
			LoadAssemblies (115ms)
			RebuildTransferFunctionScriptingTraits (0ms)
			SetupTypeCache (338ms)
			ReleaseScriptCaches (1ms)
			RebuildScriptCaches (47ms)
			SetupLoadedEditorAssemblies (320ms)
				LogAssemblyErrors (0ms)
				InitializePlatformSupportModulesInManaged (6ms)
				SetLoadedEditorAssemblies (1ms)
				RefreshPlugins (0ms)
				BeforeProcessingInitializeOnLoad (59ms)
				ProcessInitializeOnLoadAttributes (235ms)
				ProcessInitializeOnLoadMethodAttributes (10ms)
				AfterProcessingInitializeOnLoad (8ms)
				EditorAssembliesLoaded (0ms)
			ExecutionOrderSort2 (0ms)
			AwakeInstancesAfterBackupRestoration (7ms)
Platform modules already initialized, skipping
========================================================================
Worker process is ready to serve import requests
Launched and connected shader compiler UnityShaderCompiler.exe after 0.08 seconds
Refreshing native plugins compatible for Editor in 0.45 ms, found 2 plugins.
Preloading 0 native plugins for Editor in 0.00 ms.
Unloading 1523 Unused Serialized files (Serialized files now loaded: 0)
System memory in use before: 69.7 MB.
System memory in use after: 69.8 MB.

Unloading 17 unused Assets to reduce memory usage. Loaded Objects now: 1964.
Total: 2.921700 ms (FindLiveObjects: 0.148700 ms CreateObjectMapping: 0.061100 ms MarkObjects: 2.638100 ms  DeleteObjects: 0.072900 ms)

AssetImportParameters requested are different than current active one (requested -> active):
  custom:framework-win-MediaFoundation: 216162199b28c13a410421893ffa2e32 -> 
  custom:video-decoder-ogg-theora: a1e56fd34408186e4bbccfd4996cb3dc -> 
  custom:container-muxer-webm: aa71ff27fc2769a1b78a27578f13a17b -> 
  custom:container-demuxer-webm: 4f35f7cbe854078d1ac9338744f61a02 -> 
  custom:container-demuxer-ogg: 62fdf1f143b41e24485cea50d1cbac27 -> 
  custom:video-encoder-webm-vp8: eb34c28f22e8b96e1ab97ce403110664 -> 
  custom:video-decoder-webm-vp8: 9c59270c3fd7afecdb556c50c9e8de78 -> 
  custom:audio-decoder-ogg-vorbis: bf7c407c2cedff20999df2af8eb42d56 -> 
  custom:audio-encoder-webm-vorbis: bf7c407c2cedff20999df2af8eb42d56 -> 
========================================================================
Received Import Request.
  path: Assets/Materials
  artifactKey: Guid(5bd9014a4e1df9f40890f1b16f6ffc6e) Importer(815301076,1909f56bfc062723c751e8b465ee728b)
Start importing Assets/Materials using Guid(5bd9014a4e1df9f40890f1b16f6ffc6e) Importer(815301076,1909f56bfc062723c751e8b465ee728b)  -> (artifact id: '51699d66490e074bc7c05e2eeed935d5') in 0.009079 seconds 
========================================================================
Received Import Request.
  Time since last request: 0.001447 seconds.
  path: Assets/JMO Assets
  artifactKey: Guid(569282fc659c43c4e92b8455dcc5742c) Importer(815301076,1909f56bfc062723c751e8b465ee728b)
Start importing Assets/JMO Assets using Guid(569282fc659c43c4e92b8455dcc5742c) Importer(815301076,1909f56bfc062723c751e8b465ee728b)  -> (artifact id: '58f9a86baddf99af931616dc52f0f8a7') in 0.006908 seconds 
========================================================================
Received Import Request.
  Time since last request: 0.000212 seconds.
  path: Assets/Image
  artifactKey: Guid(97c2c784a6749754780665748e301480) Importer(815301076,1909f56bfc062723c751e8b465ee728b)
Start importing Assets/Image using Guid(97c2c784a6749754780665748e301480) Importer(815301076,1909f56bfc062723c751e8b465ee728b)  -> (artifact id: '6c5e46253c0ed5e43bc696e9debc8798') in 0.007193 seconds 
========================================================================
Received Import Request.
  Time since last request: 0.000219 seconds.
  path: Assets/Animator
  artifactKey: Guid(8534766058131fe4090a2862c84f72f0) Importer(815301076,1909f56bfc062723c751e8b465ee728b)
Start importing Assets/Animator using Guid(8534766058131fe4090a2862c84f72f0) Importer(815301076,1909f56bfc062723c751e8b465ee728b)  -> (artifact id: 'c50858b9708835b53db2f59b4e3c5339') in 0.007774 seconds 
========================================================================
Received Import Request.
  Time since last request: 17.149304 seconds.
  path: Assets/Prefab/Enemy
  artifactKey: Guid(a1de2c0b1b8c44d46bf333dd0c9f1a9f) Importer(815301076,1909f56bfc062723c751e8b465ee728b)
Start importing Assets/Prefab/Enemy using Guid(a1de2c0b1b8c44d46bf333dd0c9f1a9f) Importer(815301076,1909f56bfc062723c751e8b465ee728b)  -> (artifact id: 'abb8254d718a309184797d16d003371d') in 0.006739 seconds 
========================================================================
Received Import Request.
  Time since last request: 0.304190 seconds.
  path: Assets/Prefab/Environment
  artifactKey: Guid(eceada2494387a84f978cae1fabf4fbe) Importer(815301076,1909f56bfc062723c751e8b465ee728b)
Start importing Assets/Prefab/Environment using Guid(eceada2494387a84f978cae1fabf4fbe) Importer(815301076,1909f56bfc062723c751e8b465ee728b)  -> (artifact id: '3e31da1968d0f483eeedfcdb53e57ed9') in 0.006416 seconds 
========================================================================
Received Import Request.
  Time since last request: 0.573598 seconds.
  path: Assets/Prefab
  artifactKey: Guid(a6a677270ac724b4991071ece767a847) Importer(815301076,1909f56bfc062723c751e8b465ee728b)
Start importing Assets/Prefab using Guid(a6a677270ac724b4991071ece767a847) Importer(815301076,1909f56bfc062723c751e8b465ee728b)  -> (artifact id: 'efdbbfcce28c34db379dbb066b8c8f80') in 0.016395 seconds 
========================================================================
Received Import Request.
  Time since last request: 10.535202 seconds.
  path: Assets/Prefab/New Folder
  artifactKey: Guid(9c9b231ced8fd3a4f9900f4109870688) Importer(815301076,1909f56bfc062723c751e8b465ee728b)
Start importing Assets/Prefab/New Folder using Guid(9c9b231ced8fd3a4f9900f4109870688) Importer(815301076,1909f56bfc062723c751e8b465ee728b)  -> (artifact id: 'cdf4c77f677864557ebcaee06ae48a57') in 0.006529 seconds 
========================================================================
Received Import Request.
  Time since last request: 32.330608 seconds.
  path: Assets/Prefab/Tower
  artifactKey: Guid(9c9b231ced8fd3a4f9900f4109870688) Importer(815301076,1909f56bfc062723c751e8b465ee728b)
Start importing Assets/Prefab/Tower using Guid(9c9b231ced8fd3a4f9900f4109870688) Importer(815301076,1909f56bfc062723c751e8b465ee728b)  -> (artifact id: '302ebe5def8e149cc1a5b4732abee365') in 0.007132 seconds 
========================================================================
Received Import Request.
  Time since last request: 10.566645 seconds.
  path: Assets/Player/Q
  artifactKey: Guid(fcdcfd90b883b1045bc76b8aaafd42a7) Importer(815301076,1909f56bfc062723c751e8b465ee728b)
Start importing Assets/Player/Q using Guid(fcdcfd90b883b1045bc76b8aaafd42a7) Importer(815301076,1909f56bfc062723c751e8b465ee728b)  -> (artifact id: 'cf4d1873fba897de6f5b8d356326a0cf') in 0.006292 seconds 
========================================================================
Received Import Request.
  Time since last request: 0.070888 seconds.
  path: Assets/Player/Q/boy_blk.fbx
  artifactKey: Guid(9d0c3478730c43d4e933e3c80b2541bb) Importer(815301076,1909f56bfc062723c751e8b465ee728b)
Start importing Assets/Player/Q/boy_blk.fbx using Guid(9d0c3478730c43d4e933e3c80b2541bb) Importer(815301076,1909f56bfc062723c751e8b465ee728b)  -> (artifact id: 'cfedc2b7ea1b3745175864df9cae962a') in 0.585106 seconds 
========================================================================
Received Import Request.
  Time since last request: 0.000310 seconds.
  path: Assets/Player/Q/WaterGun_blk_v01.fbx
  artifactKey: Guid(ed63879e781261248b6b1432a6be0cae) Importer(815301076,1909f56bfc062723c751e8b465ee728b)
Start importing Assets/Player/Q/WaterGun_blk_v01.fbx using Guid(ed63879e781261248b6b1432a6be0cae) Importer(815301076,1909f56bfc062723c751e8b465ee728b)  -> (artifact id: 'e2b87007597c068729864374150d0768') in 0.057205 seconds 
========================================================================
Received Import Request.
  Time since last request: 0.632566 seconds.
  path: Assets/Player/Q/tower_blk
  artifactKey: Guid(c2cf67a4d135466438a7978ffc52be26) Importer(815301076,1909f56bfc062723c751e8b465ee728b)
Start importing Assets/Player/Q/tower_blk using Guid(c2cf67a4d135466438a7978ffc52be26) Importer(815301076,1909f56bfc062723c751e8b465ee728b)  -> (artifact id: '9a01a76bbe71156c4445a06fcc288b52') in 0.007684 seconds 
========================================================================
Received Import Request.
  Time since last request: 0.517470 seconds.
  path: Assets/Player/Q/tower_blk/tower_test_Bani_v03.fbx
  artifactKey: Guid(647fe0bbbd048d244a0fc6a34c487067) Importer(815301076,1909f56bfc062723c751e8b465ee728b)
Start importing Assets/Player/Q/tower_blk/tower_test_Bani_v03.fbx using Guid(647fe0bbbd048d244a0fc6a34c487067) Importer(815301076,1909f56bfc062723c751e8b465ee728b)  -> (artifact id: '2e3b392a784661f5eec2cbe860fe2cc8') in 0.080747 seconds 
========================================================================
Received Import Request.
  Time since last request: 0.000248 seconds.
  path: Assets/Player/Q/tower_blk/tower_test_Top_v03.fbx
  artifactKey: Guid(62c97a3b819799f4d91c39dd8471944d) Importer(815301076,1909f56bfc062723c751e8b465ee728b)
Start importing Assets/Player/Q/tower_blk/tower_test_Top_v03.fbx using Guid(62c97a3b819799f4d91c39dd8471944d) Importer(815301076,1909f56bfc062723c751e8b465ee728b)  -> (artifact id: '8e0f374d829f4050b1489bd8d72c3228') in 0.069316 seconds 
========================================================================
Received Import Request.
  Time since last request: 0.000142 seconds.
  path: Assets/Player/Q/tower_blk/tower_test_Bot_v01.fbx
  artifactKey: Guid(1ae3809b8a869b14488735a56280ad11) Importer(815301076,1909f56bfc062723c751e8b465ee728b)
Start importing Assets/Player/Q/tower_blk/tower_test_Bot_v01.fbx using Guid(1ae3809b8a869b14488735a56280ad11) Importer(815301076,1909f56bfc062723c751e8b465ee728b)  -> (artifact id: '6ca1d8ba293318787e4f09cd5b91e344') in 0.047658 seconds 
========================================================================
Received Import Request.
  Time since last request: 0.000142 seconds.
  path: Assets/Player/Q/tower_blk/tower_test_v01.fbx
  artifactKey: Guid(2d6c2735ad615cd42b57655944be66af) Importer(815301076,1909f56bfc062723c751e8b465ee728b)
Start importing Assets/Player/Q/tower_blk/tower_test_v01.fbx using Guid(2d6c2735ad615cd42b57655944be66af) Importer(815301076,1909f56bfc062723c751e8b465ee728b)  -> (artifact id: '4de8cca46248d0628fddd7672bbf3c5c') in 0.094679 seconds 
========================================================================
Received Import Request.
  Time since last request: 0.000199 seconds.
  path: Assets/Player/Q/tower_blk/tower_test_Dani_v04.fbx
  artifactKey: Guid(720b37744b0231743ab0da2fcc06c99f) Importer(815301076,1909f56bfc062723c751e8b465ee728b)
Start importing Assets/Player/Q/tower_blk/tower_test_Dani_v04.fbx using Guid(720b37744b0231743ab0da2fcc06c99f) Importer(815301076,1909f56bfc062723c751e8b465ee728b)  -> (artifact id: 'b7eef8e3d6c573443731278aa4191a6e') in 0.081569 seconds 
AssetImportWorkerClient::OnTransportError - code=2 error=End of file
